0 info it worked if it ends with ok
1 verbose cli [ 'C:\\Users\\weeksseth\\AppData\\Local\\.meteor\\packages\\meteor-tool\\1.4.2_3\\mt-os.windows.x86_32\\dev_bundle\\bin\\node.exe',
1 verbose cli   'C:\\Users\\weeksseth\\AppData\\Local\\.meteor\\packages\\meteor-tool\\1.4.2_3\\mt-os.windows.x86_32\\dev_bundle\\lib\\node_modules\\npm\\bin\\npm-cli.js',
1 verbose cli   'install',
1 verbose cli   '--save',
1 verbose cli   'canvas' ]
2 info using npm@3.10.9
3 info using node@v4.6.2
4 silly loadCurrentTree Starting
5 silly install loadCurrentTree
6 silly install readLocalPackageData
7 silly fetchPackageMetaData canvas
8 silly fetchNamedPackageData canvas
9 silly mapToRegistry name canvas
10 silly mapToRegistry using default registry
11 silly mapToRegistry registry https://registry.npmjs.org/
12 silly mapToRegistry data Result {
12 silly mapToRegistry   raw: 'canvas',
12 silly mapToRegistry   scope: null,
12 silly mapToRegistry   escapedName: 'canvas',
12 silly mapToRegistry   name: 'canvas',
12 silly mapToRegistry   rawSpec: '',
12 silly mapToRegistry   spec: 'latest',
12 silly mapToRegistry   type: 'tag' }
13 silly mapToRegistry uri https://registry.npmjs.org/canvas
14 verbose request uri https://registry.npmjs.org/canvas
15 verbose request no auth needed
16 info attempt registry request try #1 at 1:28:40 PM
17 verbose request id b9bb5b2068adb65c
18 http request GET https://registry.npmjs.org/canvas
19 http 200 https://registry.npmjs.org/canvas
20 verbose headers { server: 'nginx/1.10.1',
20 verbose headers   'content-type': 'application/json',
20 verbose headers   'last-modified': 'Thu, 01 Dec 2016 13:24:13 GMT',
20 verbose headers   etag: 'W/"5840247d-1e475"',
20 verbose headers   'content-encoding': 'gzip',
20 verbose headers   'cache-control': 'max-age=300',
20 verbose headers   'content-length': '14850',
20 verbose headers   'accept-ranges': 'bytes',
20 verbose headers   date: 'Thu, 05 Jan 2017 18:28:40 GMT',
20 verbose headers   via: '1.1 varnish',
20 verbose headers   age: '0',
20 verbose headers   connection: 'keep-alive',
20 verbose headers   'x-served-by': 'cache-bos8232-BOS',
20 verbose headers   'x-cache': 'MISS',
20 verbose headers   'x-cache-hits': '0',
20 verbose headers   'x-timer': 'S1483640920.645034,VS0,VE25',
20 verbose headers   vary: 'Accept-Encoding' }
21 silly get cb [ 200,
21 silly get   { server: 'nginx/1.10.1',
21 silly get     'content-type': 'application/json',
21 silly get     'last-modified': 'Thu, 01 Dec 2016 13:24:13 GMT',
21 silly get     etag: 'W/"5840247d-1e475"',
21 silly get     'content-encoding': 'gzip',
21 silly get     'cache-control': 'max-age=300',
21 silly get     'content-length': '14850',
21 silly get     'accept-ranges': 'bytes',
21 silly get     date: 'Thu, 05 Jan 2017 18:28:40 GMT',
21 silly get     via: '1.1 varnish',
21 silly get     age: '0',
21 silly get     connection: 'keep-alive',
21 silly get     'x-served-by': 'cache-bos8232-BOS',
21 silly get     'x-cache': 'MISS',
21 silly get     'x-cache-hits': '0',
21 silly get     'x-timer': 'S1483640920.645034,VS0,VE25',
21 silly get     vary: 'Accept-Encoding' } ]
22 verbose get saving canvas to C:\Users\weeksseth\AppData\Local\.meteor\packages\meteor-tool\1.4.2_3\mt-os.windows.x86_32\dev_bundle\.npm\registry.npmjs.org\canvas\.cache.json
23 verbose correctMkdir C:\Users\weeksseth\AppData\Local\.meteor\packages\meteor-tool\1.4.2_3\mt-os.windows.x86_32\dev_bundle\.npm correctMkdir not in flight; initializing
24 silly install normalizeTree
25 silly loadCurrentTree Finishing
26 silly loadIdealTree Starting
27 silly install loadIdealTree
28 silly cloneCurrentTree Starting
29 silly install cloneCurrentTreeToIdealTree
30 silly cloneCurrentTree Finishing
31 silly loadShrinkwrap Starting
32 silly install loadShrinkwrap
33 silly loadShrinkwrap Finishing
34 silly loadAllDepsIntoIdealTree Starting
35 silly install loadAllDepsIntoIdealTree
36 silly resolveWithNewModule canvas@1.6.2 checking installable status
37 silly cache add args [ 'canvas', null ]
38 verbose cache add spec canvas
39 silly cache add parsed spec Result {
39 silly cache add   raw: 'canvas',
39 silly cache add   scope: null,
39 silly cache add   escapedName: 'canvas',
39 silly cache add   name: 'canvas',
39 silly cache add   rawSpec: '',
39 silly cache add   spec: 'latest',
39 silly cache add   type: 'tag' }
40 silly addNamed canvas@latest
41 verbose addNamed "latest" is being treated as a dist-tag for canvas
42 info addNameTag [ 'canvas', 'latest' ]
43 silly mapToRegistry name canvas
44 silly mapToRegistry using default registry
45 silly mapToRegistry registry https://registry.npmjs.org/
46 silly mapToRegistry data Result {
46 silly mapToRegistry   raw: 'canvas',
46 silly mapToRegistry   scope: null,
46 silly mapToRegistry   escapedName: 'canvas',
46 silly mapToRegistry   name: 'canvas',
46 silly mapToRegistry   rawSpec: '',
46 silly mapToRegistry   spec: 'latest',
46 silly mapToRegistry   type: 'tag' }
47 silly mapToRegistry uri https://registry.npmjs.org/canvas
48 verbose addNameTag registry:https://registry.npmjs.org/canvas not in flight; fetching
49 verbose get https://registry.npmjs.org/canvas not expired, no request
50 silly addNameTag next cb for canvas with tag latest
51 silly addNamed canvas@1.6.2
52 verbose addNamed "1.6.2" is a plain semver version for canvas
53 silly mapToRegistry name canvas
54 silly mapToRegistry using default registry
55 silly mapToRegistry registry https://registry.npmjs.org/
56 silly mapToRegistry data Result {
56 silly mapToRegistry   raw: 'canvas',
56 silly mapToRegistry   scope: null,
56 silly mapToRegistry   escapedName: 'canvas',
56 silly mapToRegistry   name: 'canvas',
56 silly mapToRegistry   rawSpec: '',
56 silly mapToRegistry   spec: 'latest',
56 silly mapToRegistry   type: 'tag' }
57 silly mapToRegistry uri https://registry.npmjs.org/canvas
58 verbose addRemoteTarball https://registry.npmjs.org/canvas/-/canvas-1.6.2.tgz not in flight; adding
59 verbose addRemoteTarball [ 'https://registry.npmjs.org/canvas/-/canvas-1.6.2.tgz',
59 verbose addRemoteTarball   '12b56e3f00e7880aa45e3aae59fe75237720aaa4' ]
60 info retry fetch attempt 1 at 1:28:41 PM
61 info attempt registry request try #1 at 1:28:41 PM
62 http fetch GET https://registry.npmjs.org/canvas/-/canvas-1.6.2.tgz
63 http fetch 200 https://registry.npmjs.org/canvas/-/canvas-1.6.2.tgz
64 silly fetchAndShaCheck shasum 12b56e3f00e7880aa45e3aae59fe75237720aaa4
65 verbose addTmpTarball C:\Users\WEEKSS~1\AppData\Local\Temp\npm-10824-8f53acb2\registry.npmjs.org\canvas\-\canvas-1.6.2.tgz not in flight; adding
66 verbose addTmpTarball already have metadata; skipping unpack for canvas@1.6.2
67 verbose correctMkdir C:\Users\weeksseth\AppData\Local\.meteor\packages\meteor-tool\1.4.2_3\mt-os.windows.x86_32\dev_bundle\.npm correctMkdir not in flight; initializing
68 silly cache afterAdd canvas@1.6.2
69 verbose afterAdd C:\Users\weeksseth\AppData\Local\.meteor\packages\meteor-tool\1.4.2_3\mt-os.windows.x86_32\dev_bundle\.npm\canvas\1.6.2\package\package.json not in flight; writing
70 verbose correctMkdir C:\Users\weeksseth\AppData\Local\.meteor\packages\meteor-tool\1.4.2_3\mt-os.windows.x86_32\dev_bundle\.npm correctMkdir not in flight; initializing
71 verbose afterAdd C:\Users\weeksseth\AppData\Local\.meteor\packages\meteor-tool\1.4.2_3\mt-os.windows.x86_32\dev_bundle\.npm\canvas\1.6.2\package\package.json written
72 silly fetchNamedPackageData nan
73 silly mapToRegistry name nan
74 silly mapToRegistry using default registry
75 silly mapToRegistry registry https://registry.npmjs.org/
76 silly mapToRegistry data Result {
76 silly mapToRegistry   raw: 'nan',
76 silly mapToRegistry   scope: null,
76 silly mapToRegistry   escapedName: 'nan',
76 silly mapToRegistry   name: 'nan',
76 silly mapToRegistry   rawSpec: '',
76 silly mapToRegistry   spec: 'latest',
76 silly mapToRegistry   type: 'tag' }
77 silly mapToRegistry uri https://registry.npmjs.org/nan
78 verbose request uri https://registry.npmjs.org/nan
79 verbose request no auth needed
80 info attempt registry request try #1 at 1:28:41 PM
81 http request GET https://registry.npmjs.org/nan
82 http 200 https://registry.npmjs.org/nan
83 verbose headers { server: 'nginx/1.10.1',
83 verbose headers   'content-type': 'application/json',
83 verbose headers   'last-modified': 'Wed, 21 Dec 2016 18:49:51 GMT',
83 verbose headers   etag: 'W/"585acecf-1d7db"',
83 verbose headers   'content-encoding': 'gzip',
83 verbose headers   'cache-control': 'max-age=300',
83 verbose headers   'content-length': '14296',
83 verbose headers   'accept-ranges': 'bytes',
83 verbose headers   date: 'Thu, 05 Jan 2017 18:28:41 GMT',
83 verbose headers   via: '1.1 varnish',
83 verbose headers   age: '280',
83 verbose headers   connection: 'keep-alive',
83 verbose headers   'x-served-by': 'cache-bos8232-BOS',
83 verbose headers   'x-cache': 'HIT',
83 verbose headers   'x-cache-hits': '2',
83 verbose headers   'x-timer': 'S1483640921.052350,VS0,VE0',
83 verbose headers   vary: 'Accept-Encoding' }
84 silly get cb [ 200,
84 silly get   { server: 'nginx/1.10.1',
84 silly get     'content-type': 'application/json',
84 silly get     'last-modified': 'Wed, 21 Dec 2016 18:49:51 GMT',
84 silly get     etag: 'W/"585acecf-1d7db"',
84 silly get     'content-encoding': 'gzip',
84 silly get     'cache-control': 'max-age=300',
84 silly get     'content-length': '14296',
84 silly get     'accept-ranges': 'bytes',
84 silly get     date: 'Thu, 05 Jan 2017 18:28:41 GMT',
84 silly get     via: '1.1 varnish',
84 silly get     age: '280',
84 silly get     connection: 'keep-alive',
84 silly get     'x-served-by': 'cache-bos8232-BOS',
84 silly get     'x-cache': 'HIT',
84 silly get     'x-cache-hits': '2',
84 silly get     'x-timer': 'S1483640921.052350,VS0,VE0',
84 silly get     vary: 'Accept-Encoding' } ]
85 verbose get saving nan to C:\Users\weeksseth\AppData\Local\.meteor\packages\meteor-tool\1.4.2_3\mt-os.windows.x86_32\dev_bundle\.npm\registry.npmjs.org\nan\.cache.json
86 verbose correctMkdir C:\Users\weeksseth\AppData\Local\.meteor\packages\meteor-tool\1.4.2_3\mt-os.windows.x86_32\dev_bundle\.npm correctMkdir not in flight; initializing
87 silly resolveWithNewModule nan@2.5.0 checking installable status
88 silly cache add args [ 'nan@^2.4.0', null ]
89 verbose cache add spec nan@^2.4.0
90 silly cache add parsed spec Result {
90 silly cache add   raw: 'nan@^2.4.0',
90 silly cache add   scope: null,
90 silly cache add   escapedName: 'nan',
90 silly cache add   name: 'nan',
90 silly cache add   rawSpec: '^2.4.0',
90 silly cache add   spec: '>=2.4.0 <3.0.0',
90 silly cache add   type: 'range' }
91 silly addNamed nan@>=2.4.0 <3.0.0
92 verbose addNamed ">=2.4.0 <3.0.0" is a valid semver range for nan
93 silly addNameRange { name: 'nan', range: '>=2.4.0 <3.0.0', hasData: false }
94 silly mapToRegistry name nan
95 silly mapToRegistry using default registry
96 silly mapToRegistry registry https://registry.npmjs.org/
97 silly mapToRegistry data Result {
97 silly mapToRegistry   raw: 'nan',
97 silly mapToRegistry   scope: null,
97 silly mapToRegistry   escapedName: 'nan',
97 silly mapToRegistry   name: 'nan',
97 silly mapToRegistry   rawSpec: '',
97 silly mapToRegistry   spec: 'latest',
97 silly mapToRegistry   type: 'tag' }
98 silly mapToRegistry uri https://registry.npmjs.org/nan
99 verbose addNameRange registry:https://registry.npmjs.org/nan not in flight; fetching
100 verbose get https://registry.npmjs.org/nan not expired, no request
101 silly addNameRange number 2 { name: 'nan', range: '>=2.4.0 <3.0.0', hasData: true }
102 silly addNameRange versions [ 'nan',
102 silly addNameRange   [ '0.3.0-wip',
102 silly addNameRange     '0.3.0-wip2',
102 silly addNameRange     '0.3.0',
102 silly addNameRange     '0.3.1',
102 silly addNameRange     '0.3.2',
102 silly addNameRange     '0.4.0',
102 silly addNameRange     '0.4.1',
102 silly addNameRange     '0.4.2',
102 silly addNameRange     '0.4.3',
102 silly addNameRange     '0.4.4',
102 silly addNameRange     '0.5.0',
102 silly addNameRange     '0.5.1',
102 silly addNameRange     '0.5.2',
102 silly addNameRange     '0.6.0',
102 silly addNameRange     '0.7.0',
102 silly addNameRange     '0.7.1',
102 silly addNameRange     '0.8.0',
102 silly addNameRange     '1.0.0',
102 silly addNameRange     '1.1.0',
102 silly addNameRange     '1.1.1',
102 silly addNameRange     '1.1.2',
102 silly addNameRange     '1.2.0',
102 silly addNameRange     '1.3.0',
102 silly addNameRange     '1.4.0',
102 silly addNameRange     '1.4.1',
102 silly addNameRange     '1.5.0',
102 silly addNameRange     '1.4.2',
102 silly addNameRange     '1.4.3',
102 silly addNameRange     '1.5.1',
102 silly addNameRange     '1.5.2',
102 silly addNameRange     '1.6.0',
102 silly addNameRange     '1.5.3',
102 silly addNameRange     '1.6.1',
102 silly addNameRange     '1.6.2',
102 silly addNameRange     '1.7.0',
102 silly addNameRange     '1.8.0',
102 silly addNameRange     '1.8.1',
102 silly addNameRange     '1.8.2',
102 silly addNameRange     '1.8.3',
102 silly addNameRange     '1.8.4',
102 silly addNameRange     '1.9.0',
102 silly addNameRange     '2.0.0',
102 silly addNameRange     '2.0.1',
102 silly addNameRange     '2.0.2',
102 silly addNameRange     '2.0.3',
102 silly addNameRange     '2.0.4',
102 silly addNameRange     '2.0.5',
102 silly addNameRange     '2.0.6',
102 silly addNameRange     '2.0.7',
102 silly addNameRange     '2.0.8',
102 silly addNameRange     '2.0.9',
102 silly addNameRange     '2.1.0',
102 silly addNameRange     '2.2.0',
102 silly addNameRange     '2.2.1',
102 silly addNameRange     '2.3.0',
102 silly addNameRange     '2.3.1',
102 silly addNameRange     '2.3.2',
102 silly addNameRange     '2.3.3',
102 silly addNameRange     '2.3.4',
102 silly addNameRange     '2.3.5',
102 silly addNameRange     '2.4.0',
102 silly addNameRange     '2.5.0' ] ]
103 silly addNamed nan@2.5.0
104 verbose addNamed "2.5.0" is a plain semver version for nan
105 silly mapToRegistry name nan
106 silly mapToRegistry using default registry
107 silly mapToRegistry registry https://registry.npmjs.org/
108 silly mapToRegistry data Result {
108 silly mapToRegistry   raw: 'nan',
108 silly mapToRegistry   scope: null,
108 silly mapToRegistry   escapedName: 'nan',
108 silly mapToRegistry   name: 'nan',
108 silly mapToRegistry   rawSpec: '',
108 silly mapToRegistry   spec: 'latest',
108 silly mapToRegistry   type: 'tag' }
109 silly mapToRegistry uri https://registry.npmjs.org/nan
110 verbose addRemoteTarball https://registry.npmjs.org/nan/-/nan-2.5.0.tgz not in flight; adding
111 verbose addRemoteTarball [ 'https://registry.npmjs.org/nan/-/nan-2.5.0.tgz',
111 verbose addRemoteTarball   'aa8f1e34531d807e9e27755b234b4a6ec0c152a8' ]
112 info retry fetch attempt 1 at 1:28:41 PM
113 info attempt registry request try #1 at 1:28:41 PM
114 http fetch GET https://registry.npmjs.org/nan/-/nan-2.5.0.tgz
115 http fetch 200 https://registry.npmjs.org/nan/-/nan-2.5.0.tgz
116 silly fetchAndShaCheck shasum aa8f1e34531d807e9e27755b234b4a6ec0c152a8
117 verbose addTmpTarball C:\Users\WEEKSS~1\AppData\Local\Temp\npm-10824-8f53acb2\registry.npmjs.org\nan\-\nan-2.5.0.tgz not in flight; adding
118 verbose addTmpTarball already have metadata; skipping unpack for nan@2.5.0
119 verbose correctMkdir C:\Users\weeksseth\AppData\Local\.meteor\packages\meteor-tool\1.4.2_3\mt-os.windows.x86_32\dev_bundle\.npm correctMkdir not in flight; initializing
120 silly cache afterAdd nan@2.5.0
121 verbose afterAdd C:\Users\weeksseth\AppData\Local\.meteor\packages\meteor-tool\1.4.2_3\mt-os.windows.x86_32\dev_bundle\.npm\nan\2.5.0\package\package.json not in flight; writing
122 verbose correctMkdir C:\Users\weeksseth\AppData\Local\.meteor\packages\meteor-tool\1.4.2_3\mt-os.windows.x86_32\dev_bundle\.npm correctMkdir not in flight; initializing
123 verbose afterAdd C:\Users\weeksseth\AppData\Local\.meteor\packages\meteor-tool\1.4.2_3\mt-os.windows.x86_32\dev_bundle\.npm\nan\2.5.0\package\package.json written
124 silly loadAllDepsIntoIdealTree Finishing
125 silly loadIdealTree Finishing
126 silly currentTree ivy@
126 silly currentTree +-- abab@1.0.3
126 silly currentTree +-- acorn-globals@1.0.9
126 silly currentTree +-- acorn@2.7.0
126 silly currentTree +-- amdefine@1.0.1
126 silly currentTree +-- ansi-regex@2.0.0
126 silly currentTree +-- ansi-styles@2.2.1
126 silly currentTree +-- array-equal@1.0.0
126 silly currentTree +-- asap@2.0.5
126 silly currentTree +-- asn1@0.2.3
126 silly currentTree +-- assert-plus@0.2.0
126 silly currentTree +-- asynckit@0.4.0
126 silly currentTree +-- aws-sign2@0.6.0
126 silly currentTree +-- aws4@1.5.0
126 silly currentTree +-- babel-runtime@6.18.0
126 silly currentTree +-- bcrypt-pbkdf@1.0.0
126 silly currentTree +-- bcrypt@0.8.7
126 silly currentTree +-- bindings@1.2.1
126 silly currentTree +-- boom@2.10.1
126 silly currentTree +-- caseless@0.11.0
126 silly currentTree +-- chalk@1.1.3
126 silly currentTree +-- chart.js@2.4.0
126 silly currentTree +-- chartjs-color-string@0.4.0
126 silly currentTree +-- chartjs-color@2.0.0
126 silly currentTree +-- classnames@2.2.5
126 silly currentTree +-- color-convert@0.5.3
126 silly currentTree +-- color-name@1.1.1
126 silly currentTree +-- combined-stream@1.0.5
126 silly currentTree +-- commander@2.9.0
126 silly currentTree +-- content-type-parser@1.0.1
126 silly currentTree +-- core-js@2.4.1
126 silly currentTree +-- cryptiles@2.0.5
126 silly currentTree +-- cssom@0.3.1
126 silly currentTree +-- cssstyle@0.2.37
126 silly currentTree +-- dashdash@1.14.1
126 silly currentTree | `-- assert-plus@1.0.0
126 silly currentTree +-- date-arithmetic@3.1.0
126 silly currentTree +-- deconstruct-number-format@0.0.1
126 silly currentTree +-- deep-is@0.1.3
126 silly currentTree +-- delayed-stream@1.0.0
126 silly currentTree +-- dom-helpers@2.4.0
126 silly currentTree +-- domready@1.0.8
126 silly currentTree +-- ecc-jsbn@0.1.1
126 silly currentTree +-- encoding@0.1.12
126 silly currentTree +-- escape-string-regexp@1.0.5
126 silly currentTree +-- escodegen@1.8.1
126 silly currentTree +-- esprima@2.7.3
126 silly currentTree +-- estraverse@1.9.3
126 silly currentTree +-- esutils@2.0.2
126 silly currentTree +-- extend@3.0.0
126 silly currentTree +-- extsprintf@1.0.2
126 silly currentTree +-- fast-levenshtein@2.0.6
126 silly currentTree +-- fbjs@0.8.6
126 silly currentTree | `-- core-js@1.2.7
126 silly currentTree +-- forever-agent@0.6.1
126 silly currentTree +-- form-data@2.1.2
126 silly currentTree +-- format-number-with-string@0.0.2
126 silly currentTree +-- format-number@2.0.1
126 silly currentTree +-- fullcalendar@3.0.1
126 silly currentTree | `-- jquery@3.1.1
126 silly currentTree +-- generate-function@2.0.0
126 silly currentTree +-- generate-object-property@1.2.0
126 silly currentTree +-- getpass@0.1.6
126 silly currentTree | `-- assert-plus@1.0.0
126 silly currentTree +-- graceful-readlink@1.0.1
126 silly currentTree +-- hammerjs@2.0.8
126 silly currentTree +-- har-validator@2.0.6
126 silly currentTree +-- has-ansi@2.0.0
126 silly currentTree +-- hawk@3.1.3
126 silly currentTree +-- hoek@2.16.3
126 silly currentTree +-- hoist-non-react-statics@1.2.0
126 silly currentTree +-- html-encoding-sniffer@1.0.1
126 silly currentTree +-- http-signature@1.1.1
126 silly currentTree +-- iconv-lite@0.4.13
126 silly currentTree +-- invariant@2.2.2
126 silly currentTree +-- is-my-json-valid@2.15.0
126 silly currentTree +-- is-property@1.0.2
126 silly currentTree +-- is-stream@1.1.0
126 silly currentTree +-- is-typedarray@1.0.0
126 silly currentTree +-- isomorphic-fetch@2.2.1
126 silly currentTree +-- isstream@0.1.2
126 silly currentTree +-- jodid25519@1.0.2
126 silly currentTree +-- jquery-color@1.0.0
126 silly currentTree +-- jQuery@1.7.4
126 silly currentTree +-- js-tokens@2.0.0
126 silly currentTree +-- jsbn@0.1.0
126 silly currentTree +-- jsdom@9.9.1
126 silly currentTree +-- json-schema@0.2.3
126 silly currentTree +-- json-stringify-safe@5.0.1
126 silly currentTree +-- jsonpointer@4.0.1
126 silly currentTree +-- jsprim@1.3.1
126 silly currentTree +-- levn@0.3.0
126 silly currentTree +-- location@0.0.1
126 silly currentTree +-- lodash-es@4.17.2
126 silly currentTree +-- lodash@4.17.2
126 silly currentTree +-- loose-envify@1.3.0
126 silly currentTree +-- meteor-node-stubs@0.2.4
126 silly currentTree | +-- asn1.js@4.9.0
126 silly currentTree | +-- assert@1.4.1
126 silly currentTree | +-- base64-js@1.2.0
126 silly currentTree | +-- Base64@0.2.1
126 silly currentTree | +-- bn.js@4.11.6
126 silly currentTree | +-- brorand@1.0.6
126 silly currentTree | +-- browserify-aes@1.0.6
126 silly currentTree | +-- browserify-cipher@1.0.0
126 silly currentTree | +-- browserify-des@1.0.0
126 silly currentTree | +-- browserify-rsa@4.0.1
126 silly currentTree | +-- browserify-sign@4.0.0
126 silly currentTree | +-- browserify-zlib@0.1.4
126 silly currentTree | +-- buffer-shims@1.0.0
126 silly currentTree | +-- buffer-xor@1.0.3
126 silly currentTree | +-- buffer@4.9.1
126 silly currentTree | +-- cipher-base@1.0.3
126 silly currentTree | +-- console-browserify@1.1.0
126 silly currentTree | +-- constants-browserify@1.0.0
126 silly currentTree | +-- core-util-is@1.0.2
126 silly currentTree | +-- create-ecdh@4.0.0
126 silly currentTree | +-- create-hash@1.1.2
126 silly currentTree | +-- create-hmac@1.1.4
126 silly currentTree | +-- crypto-browserify@3.11.0
126 silly currentTree | +-- date-now@0.1.4
126 silly currentTree | +-- des.js@1.0.0
126 silly currentTree | +-- diffie-hellman@5.0.2
126 silly currentTree | +-- domain-browser@1.1.7
126 silly currentTree | +-- elliptic@6.3.2
126 silly currentTree | +-- events@1.1.1
126 silly currentTree | +-- evp_bytestokey@1.0.0
126 silly currentTree | +-- hash.js@1.0.3
126 silly currentTree | +-- http-browserify@1.7.0
126 silly currentTree | +-- https-browserify@0.0.1
126 silly currentTree | +-- ieee754@1.1.8
126 silly currentTree | +-- indexof@0.0.1
126 silly currentTree | +-- inherits@2.0.1
126 silly currentTree | +-- isarray@1.0.0
126 silly currentTree | +-- miller-rabin@4.0.0
126 silly currentTree | +-- minimalistic-assert@1.0.0
126 silly currentTree | +-- os-browserify@0.2.1
126 silly currentTree | +-- pako@0.2.9
126 silly currentTree | +-- parse-asn1@5.0.0
126 silly currentTree | +-- path-browserify@0.0.0
126 silly currentTree | +-- pbkdf2@3.0.9
126 silly currentTree | +-- process-nextick-args@1.0.7
126 silly currentTree | +-- process@0.11.9
126 silly currentTree | +-- public-encrypt@4.0.0
126 silly currentTree | +-- punycode@1.4.1
126 silly currentTree | +-- querystring-es3@0.2.1
126 silly currentTree | +-- querystring@0.2.0
126 silly currentTree | +-- randombytes@2.0.3
126 silly currentTree | +-- readable-stream@2.2.1
126 silly currentTree | +-- ripemd160@1.0.1
126 silly currentTree | +-- sha.js@2.4.8
126 silly currentTree | +-- stream-browserify@2.0.1
126 silly currentTree | +-- string_decoder@0.10.31
126 silly currentTree | +-- timers-browserify@1.4.2
126 silly currentTree | +-- tty-browserify@0.0.0
126 silly currentTree | +-- url@0.11.0
126 silly currentTree | | `-- punycode@1.3.2
126 silly currentTree | +-- util-deprecate@1.0.2
126 silly currentTree | +-- util@0.10.3
126 silly currentTree | `-- vm-browserify@0.0.4
126 silly currentTree +-- mime-db@1.25.0
126 silly currentTree +-- mime-types@2.1.13
126 silly currentTree +-- moment@2.16.0
126 silly currentTree +-- nan@2.3.5
126 silly currentTree +-- navigator@1.0.1
126 silly currentTree +-- node-fetch@1.6.3
126 silly currentTree +-- nwmatcher@1.3.9
126 silly currentTree +-- oauth-sign@0.8.2
126 silly currentTree +-- object-assign@4.1.0
126 silly currentTree +-- optionator@0.8.2
126 silly currentTree +-- parse5@1.5.1
126 silly currentTree +-- pinkie-promise@2.0.1
126 silly currentTree +-- pinkie@2.0.4
126 silly currentTree +-- prelude-ls@1.1.2
126 silly currentTree +-- promise@7.1.1
126 silly currentTree +-- punycode@1.4.1
126 silly currentTree +-- qs@6.3.0
126 silly currentTree +-- react-addons-pure-render-mixin@15.4.0
126 silly currentTree +-- react-autosuggest@7.0.1
126 silly currentTree +-- react-autowhatever@7.0.0
126 silly currentTree +-- react-dom@15.4.0
126 silly currentTree +-- react-loading@0.0.9
126 silly currentTree +-- react-mounter@1.2.0
126 silly currentTree +-- react-redux@4.4.6
126 silly currentTree +-- react-themeable@1.1.0
126 silly currentTree | `-- object-assign@3.0.0
126 silly currentTree +-- react-widgets@3.4.4
126 silly currentTree +-- react@15.4.0
126 silly currentTree +-- redux@3.6.0
126 silly currentTree +-- regenerator-runtime@0.9.6
126 silly currentTree +-- request@2.79.0
126 silly currentTree +-- sax@1.2.1
126 silly currentTree +-- section-iterator@2.0.0
126 silly currentTree +-- shallow-equal@1.0.0
126 silly currentTree +-- sntp@1.0.9
126 silly currentTree +-- source-map@0.2.0
126 silly currentTree +-- sshpk@1.10.1
126 silly currentTree | `-- assert-plus@1.0.0
126 silly currentTree +-- stringstream@0.0.5
126 silly currentTree +-- strip-ansi@3.0.1
126 silly currentTree +-- supports-color@2.0.0
126 silly currentTree +-- symbol-observable@1.0.4
126 silly currentTree +-- symbol-tree@3.2.1
126 silly currentTree +-- tough-cookie@2.3.2
126 silly currentTree +-- tr46@0.0.3
126 silly currentTree +-- tunnel-agent@0.4.3
126 silly currentTree +-- tweetnacl@0.14.5
126 silly currentTree +-- type-check@0.3.2
126 silly currentTree +-- ua-parser-js@0.7.12
126 silly currentTree +-- uncontrollable@4.0.3
126 silly currentTree +-- uuid@3.0.1
126 silly currentTree +-- verror@1.3.6
126 silly currentTree +-- warning@2.1.0
126 silly currentTree +-- webidl-conversions@3.0.1
126 silly currentTree +-- whatwg-encoding@1.0.1
126 silly currentTree +-- whatwg-fetch@2.0.1
126 silly currentTree +-- whatwg-url@4.2.0
126 silly currentTree +-- wordwrap@1.0.0
126 silly currentTree +-- xml-name-validator@2.0.1
126 silly currentTree +-- xmlhttprequest@1.8.0
126 silly currentTree `-- xtend@4.0.1
127 silly idealTree ivy@
127 silly idealTree +-- abab@1.0.3
127 silly idealTree +-- acorn-globals@1.0.9
127 silly idealTree +-- acorn@2.7.0
127 silly idealTree +-- amdefine@1.0.1
127 silly idealTree +-- ansi-regex@2.0.0
127 silly idealTree +-- ansi-styles@2.2.1
127 silly idealTree +-- array-equal@1.0.0
127 silly idealTree +-- asap@2.0.5
127 silly idealTree +-- asn1@0.2.3
127 silly idealTree +-- assert-plus@0.2.0
127 silly idealTree +-- asynckit@0.4.0
127 silly idealTree +-- aws-sign2@0.6.0
127 silly idealTree +-- aws4@1.5.0
127 silly idealTree +-- babel-runtime@6.18.0
127 silly idealTree +-- bcrypt-pbkdf@1.0.0
127 silly idealTree +-- bcrypt@0.8.7
127 silly idealTree +-- bindings@1.2.1
127 silly idealTree +-- boom@2.10.1
127 silly idealTree +-- canvas@1.6.2
127 silly idealTree | `-- nan@2.5.0
127 silly idealTree +-- caseless@0.11.0
127 silly idealTree +-- chalk@1.1.3
127 silly idealTree +-- chart.js@2.4.0
127 silly idealTree +-- chartjs-color-string@0.4.0
127 silly idealTree +-- chartjs-color@2.0.0
127 silly idealTree +-- classnames@2.2.5
127 silly idealTree +-- color-convert@0.5.3
127 silly idealTree +-- color-name@1.1.1
127 silly idealTree +-- combined-stream@1.0.5
127 silly idealTree +-- commander@2.9.0
127 silly idealTree +-- content-type-parser@1.0.1
127 silly idealTree +-- core-js@2.4.1
127 silly idealTree +-- cryptiles@2.0.5
127 silly idealTree +-- cssom@0.3.1
127 silly idealTree +-- cssstyle@0.2.37
127 silly idealTree +-- dashdash@1.14.1
127 silly idealTree | `-- assert-plus@1.0.0
127 silly idealTree +-- date-arithmetic@3.1.0
127 silly idealTree +-- deconstruct-number-format@0.0.1
127 silly idealTree +-- deep-is@0.1.3
127 silly idealTree +-- delayed-stream@1.0.0
127 silly idealTree +-- dom-helpers@2.4.0
127 silly idealTree +-- domready@1.0.8
127 silly idealTree +-- ecc-jsbn@0.1.1
127 silly idealTree +-- encoding@0.1.12
127 silly idealTree +-- escape-string-regexp@1.0.5
127 silly idealTree +-- escodegen@1.8.1
127 silly idealTree +-- esprima@2.7.3
127 silly idealTree +-- estraverse@1.9.3
127 silly idealTree +-- esutils@2.0.2
127 silly idealTree +-- extend@3.0.0
127 silly idealTree +-- extsprintf@1.0.2
127 silly idealTree +-- fast-levenshtein@2.0.6
127 silly idealTree +-- fbjs@0.8.6
127 silly idealTree | `-- core-js@1.2.7
127 silly idealTree +-- forever-agent@0.6.1
127 silly idealTree +-- form-data@2.1.2
127 silly idealTree +-- format-number-with-string@0.0.2
127 silly idealTree +-- format-number@2.0.1
127 silly idealTree +-- fullcalendar@3.0.1
127 silly idealTree | `-- jquery@3.1.1
127 silly idealTree +-- generate-function@2.0.0
127 silly idealTree +-- generate-object-property@1.2.0
127 silly idealTree +-- getpass@0.1.6
127 silly idealTree | `-- assert-plus@1.0.0
127 silly idealTree +-- graceful-readlink@1.0.1
127 silly idealTree +-- hammerjs@2.0.8
127 silly idealTree +-- har-validator@2.0.6
127 silly idealTree +-- has-ansi@2.0.0
127 silly idealTree +-- hawk@3.1.3
127 silly idealTree +-- hoek@2.16.3
127 silly idealTree +-- hoist-non-react-statics@1.2.0
127 silly idealTree +-- html-encoding-sniffer@1.0.1
127 silly idealTree +-- http-signature@1.1.1
127 silly idealTree +-- iconv-lite@0.4.13
127 silly idealTree +-- invariant@2.2.2
127 silly idealTree +-- is-my-json-valid@2.15.0
127 silly idealTree +-- is-property@1.0.2
127 silly idealTree +-- is-stream@1.1.0
127 silly idealTree +-- is-typedarray@1.0.0
127 silly idealTree +-- isomorphic-fetch@2.2.1
127 silly idealTree +-- isstream@0.1.2
127 silly idealTree +-- jodid25519@1.0.2
127 silly idealTree +-- jquery-color@1.0.0
127 silly idealTree +-- jQuery@1.7.4
127 silly idealTree +-- js-tokens@2.0.0
127 silly idealTree +-- jsbn@0.1.0
127 silly idealTree +-- jsdom@9.9.1
127 silly idealTree +-- json-schema@0.2.3
127 silly idealTree +-- json-stringify-safe@5.0.1
127 silly idealTree +-- jsonpointer@4.0.1
127 silly idealTree +-- jsprim@1.3.1
127 silly idealTree +-- levn@0.3.0
127 silly idealTree +-- location@0.0.1
127 silly idealTree +-- lodash-es@4.17.2
127 silly idealTree +-- lodash@4.17.2
127 silly idealTree +-- loose-envify@1.3.0
127 silly idealTree +-- meteor-node-stubs@0.2.4
127 silly idealTree | +-- asn1.js@4.9.0
127 silly idealTree | +-- assert@1.4.1
127 silly idealTree | +-- base64-js@1.2.0
127 silly idealTree | +-- Base64@0.2.1
127 silly idealTree | +-- bn.js@4.11.6
127 silly idealTree | +-- brorand@1.0.6
127 silly idealTree | +-- browserify-aes@1.0.6
127 silly idealTree | +-- browserify-cipher@1.0.0
127 silly idealTree | +-- browserify-des@1.0.0
127 silly idealTree | +-- browserify-rsa@4.0.1
127 silly idealTree | +-- browserify-sign@4.0.0
127 silly idealTree | +-- browserify-zlib@0.1.4
127 silly idealTree | +-- buffer-shims@1.0.0
127 silly idealTree | +-- buffer-xor@1.0.3
127 silly idealTree | +-- buffer@4.9.1
127 silly idealTree | +-- cipher-base@1.0.3
127 silly idealTree | +-- console-browserify@1.1.0
127 silly idealTree | +-- constants-browserify@1.0.0
127 silly idealTree | +-- core-util-is@1.0.2
127 silly idealTree | +-- create-ecdh@4.0.0
127 silly idealTree | +-- create-hash@1.1.2
127 silly idealTree | +-- create-hmac@1.1.4
127 silly idealTree | +-- crypto-browserify@3.11.0
127 silly idealTree | +-- date-now@0.1.4
127 silly idealTree | +-- des.js@1.0.0
127 silly idealTree | +-- diffie-hellman@5.0.2
127 silly idealTree | +-- domain-browser@1.1.7
127 silly idealTree | +-- elliptic@6.3.2
127 silly idealTree | +-- events@1.1.1
127 silly idealTree | +-- evp_bytestokey@1.0.0
127 silly idealTree | +-- hash.js@1.0.3
127 silly idealTree | +-- http-browserify@1.7.0
127 silly idealTree | +-- https-browserify@0.0.1
127 silly idealTree | +-- ieee754@1.1.8
127 silly idealTree | +-- indexof@0.0.1
127 silly idealTree | +-- inherits@2.0.1
127 silly idealTree | +-- isarray@1.0.0
127 silly idealTree | +-- miller-rabin@4.0.0
127 silly idealTree | +-- minimalistic-assert@1.0.0
127 silly idealTree | +-- os-browserify@0.2.1
127 silly idealTree | +-- pako@0.2.9
127 silly idealTree | +-- parse-asn1@5.0.0
127 silly idealTree | +-- path-browserify@0.0.0
127 silly idealTree | +-- pbkdf2@3.0.9
127 silly idealTree | +-- process-nextick-args@1.0.7
127 silly idealTree | +-- process@0.11.9
127 silly idealTree | +-- public-encrypt@4.0.0
127 silly idealTree | +-- punycode@1.4.1
127 silly idealTree | +-- querystring-es3@0.2.1
127 silly idealTree | +-- querystring@0.2.0
127 silly idealTree | +-- randombytes@2.0.3
127 silly idealTree | +-- readable-stream@2.2.1
127 silly idealTree | +-- ripemd160@1.0.1
127 silly idealTree | +-- sha.js@2.4.8
127 silly idealTree | +-- stream-browserify@2.0.1
127 silly idealTree | +-- string_decoder@0.10.31
127 silly idealTree | +-- timers-browserify@1.4.2
127 silly idealTree | +-- tty-browserify@0.0.0
127 silly idealTree | +-- url@0.11.0
127 silly idealTree | | `-- punycode@1.3.2
127 silly idealTree | +-- util-deprecate@1.0.2
127 silly idealTree | +-- util@0.10.3
127 silly idealTree | `-- vm-browserify@0.0.4
127 silly idealTree +-- mime-db@1.25.0
127 silly idealTree +-- mime-types@2.1.13
127 silly idealTree +-- moment@2.16.0
127 silly idealTree +-- nan@2.3.5
127 silly idealTree +-- navigator@1.0.1
127 silly idealTree +-- node-fetch@1.6.3
127 silly idealTree +-- nwmatcher@1.3.9
127 silly idealTree +-- oauth-sign@0.8.2
127 silly idealTree +-- object-assign@4.1.0
127 silly idealTree +-- optionator@0.8.2
127 silly idealTree +-- parse5@1.5.1
127 silly idealTree +-- pinkie-promise@2.0.1
127 silly idealTree +-- pinkie@2.0.4
127 silly idealTree +-- prelude-ls@1.1.2
127 silly idealTree +-- promise@7.1.1
127 silly idealTree +-- punycode@1.4.1
127 silly idealTree +-- qs@6.3.0
127 silly idealTree +-- react-addons-pure-render-mixin@15.4.0
127 silly idealTree +-- react-autosuggest@7.0.1
127 silly idealTree +-- react-autowhatever@7.0.0
127 silly idealTree +-- react-dom@15.4.0
127 silly idealTree +-- react-loading@0.0.9
127 silly idealTree +-- react-mounter@1.2.0
127 silly idealTree +-- react-redux@4.4.6
127 silly idealTree +-- react-themeable@1.1.0
127 silly idealTree | `-- object-assign@3.0.0
127 silly idealTree +-- react-widgets@3.4.4
127 silly idealTree +-- react@15.4.0
127 silly idealTree +-- redux@3.6.0
127 silly idealTree +-- regenerator-runtime@0.9.6
127 silly idealTree +-- request@2.79.0
127 silly idealTree +-- sax@1.2.1
127 silly idealTree +-- section-iterator@2.0.0
127 silly idealTree +-- shallow-equal@1.0.0
127 silly idealTree +-- sntp@1.0.9
127 silly idealTree +-- source-map@0.2.0
127 silly idealTree +-- sshpk@1.10.1
127 silly idealTree | `-- assert-plus@1.0.0
127 silly idealTree +-- stringstream@0.0.5
127 silly idealTree +-- strip-ansi@3.0.1
127 silly idealTree +-- supports-color@2.0.0
127 silly idealTree +-- symbol-observable@1.0.4
127 silly idealTree +-- symbol-tree@3.2.1
127 silly idealTree +-- tough-cookie@2.3.2
127 silly idealTree +-- tr46@0.0.3
127 silly idealTree +-- tunnel-agent@0.4.3
127 silly idealTree +-- tweetnacl@0.14.5
127 silly idealTree +-- type-check@0.3.2
127 silly idealTree +-- ua-parser-js@0.7.12
127 silly idealTree +-- uncontrollable@4.0.3
127 silly idealTree +-- uuid@3.0.1
127 silly idealTree +-- verror@1.3.6
127 silly idealTree +-- warning@2.1.0
127 silly idealTree +-- webidl-conversions@3.0.1
127 silly idealTree +-- whatwg-encoding@1.0.1
127 silly idealTree +-- whatwg-fetch@2.0.1
127 silly idealTree +-- whatwg-url@4.2.0
127 silly idealTree +-- wordwrap@1.0.0
127 silly idealTree +-- xml-name-validator@2.0.1
127 silly idealTree +-- xmlhttprequest@1.8.0
127 silly idealTree `-- xtend@4.0.1
128 silly generateActionsToTake Starting
129 silly install generateActionsToTake
130 silly generateActionsToTake Finishing
131 silly diffTrees action count 2
132 silly diffTrees add nan@2.5.0
133 silly diffTrees add canvas@1.6.2
134 silly decomposeActions action count 16
135 silly decomposeActions fetch nan@2.5.0
136 silly decomposeActions extract nan@2.5.0
137 silly decomposeActions test nan@2.5.0
138 silly decomposeActions preinstall nan@2.5.0
139 silly decomposeActions build nan@2.5.0
140 silly decomposeActions install nan@2.5.0
141 silly decomposeActions postinstall nan@2.5.0
142 silly decomposeActions finalize nan@2.5.0
143 silly decomposeActions fetch canvas@1.6.2
144 silly decomposeActions extract canvas@1.6.2
145 silly decomposeActions test canvas@1.6.2
146 silly decomposeActions preinstall canvas@1.6.2
147 silly decomposeActions build canvas@1.6.2
148 silly decomposeActions install canvas@1.6.2
149 silly decomposeActions postinstall canvas@1.6.2
150 silly decomposeActions finalize canvas@1.6.2
151 silly runTopLevelLifecycles Starting
152 silly executeActions Starting
153 silly install executeActions
154 silly doSerial global-install 0
155 silly doParallel fetch 2
156 verbose correctMkdir C:\Users\weeksseth\AppData\Local\.meteor\packages\meteor-tool\1.4.2_3\mt-os.windows.x86_32\dev_bundle\.npm\_locks correctMkdir not in flight; initializing
157 verbose lock using C:\Users\weeksseth\AppData\Local\.meteor\packages\meteor-tool\1.4.2_3\mt-os.windows.x86_32\dev_bundle\.npm\_locks\staging-d6edfdc18b8fce1f.lock for C:\Users\weeksseth\Sites\ivy\node_modules\.staging
158 silly doParallel extract 2
159 silly extract nan@2.5.0
160 silly extract canvas@1.6.2
161 verbose unbuild node_modules\.staging\nan-611ddc23
162 verbose unbuild node_modules\.staging\canvas-e4195fdf
163 silly gentlyRm C:\Users\weeksseth\Sites\ivy\node_modules\.staging\nan-611ddc23 is being purged from base C:\Users\weeksseth\Sites\ivy
164 verbose gentlyRm don't care about contents; nuking C:\Users\weeksseth\Sites\ivy\node_modules\.staging\nan-611ddc23
165 silly gentlyRm C:\Users\weeksseth\Sites\ivy\node_modules\.staging\canvas-e4195fdf is being purged from base C:\Users\weeksseth\Sites\ivy
166 verbose gentlyRm don't care about contents; nuking C:\Users\weeksseth\Sites\ivy\node_modules\.staging\canvas-e4195fdf
167 verbose tar unpack C:\Users\weeksseth\AppData\Local\.meteor\packages\meteor-tool\1.4.2_3\mt-os.windows.x86_32\dev_bundle\.npm\nan\2.5.0\package.tgz
168 verbose tar unpacking to C:\Users\weeksseth\Sites\ivy\node_modules\.staging\nan-611ddc23
169 silly gentlyRm C:\Users\weeksseth\Sites\ivy\node_modules\.staging\nan-611ddc23 is being purged
170 verbose gentlyRm don't care about contents; nuking C:\Users\weeksseth\Sites\ivy\node_modules\.staging\nan-611ddc23
171 verbose tar unpack C:\Users\weeksseth\AppData\Local\.meteor\packages\meteor-tool\1.4.2_3\mt-os.windows.x86_32\dev_bundle\.npm\canvas\1.6.2\package.tgz
172 verbose tar unpacking to C:\Users\weeksseth\Sites\ivy\node_modules\.staging\canvas-e4195fdf
173 silly gentlyRm C:\Users\weeksseth\Sites\ivy\node_modules\.staging\canvas-e4195fdf is being purged
174 verbose gentlyRm don't care about contents; nuking C:\Users\weeksseth\Sites\ivy\node_modules\.staging\canvas-e4195fdf
175 silly gunzTarPerm modes [ '777', '666' ]
176 silly gunzTarPerm modes [ '777', '666' ]
177 silly gunzTarPerm extractEntry package.json
178 silly gunzTarPerm modified mode [ 'package.json', 436, 438 ]
179 silly gunzTarPerm extractEntry package.json
180 silly gunzTarPerm modified mode [ 'package.json', 420, 438 ]
181 silly gunzTarPerm extractEntry README.md
182 silly gunzTarPerm modified mode [ 'README.md', 436, 438 ]
183 silly gunzTarPerm extractEntry .npmignore
184 silly gunzTarPerm modified mode [ '.npmignore', 420, 438 ]
185 silly gunzTarPerm extractEntry index.js
186 silly gunzTarPerm modified mode [ 'index.js', 420, 438 ]
187 silly gunzTarPerm extractEntry include_dirs.js
188 silly gunzTarPerm modified mode [ 'include_dirs.js', 436, 438 ]
189 silly gunzTarPerm extractEntry .travis.yml
190 silly gunzTarPerm modified mode [ '.travis.yml', 420, 438 ]
191 silly gunzTarPerm extractEntry History.md
192 silly gunzTarPerm modified mode [ 'History.md', 420, 438 ]
193 silly gunzTarPerm extractEntry nan_converters.h
194 silly gunzTarPerm modified mode [ 'nan_converters.h', 436, 438 ]
195 silly gunzTarPerm extractEntry CHANGELOG.md
196 silly gunzTarPerm modified mode [ 'CHANGELOG.md', 436, 438 ]
197 silly gunzTarPerm extractEntry LICENSE.md
198 silly gunzTarPerm modified mode [ 'LICENSE.md', 436, 438 ]
199 silly gunzTarPerm extractEntry doc/node_misc.md
200 silly gunzTarPerm modified mode [ 'doc/node_misc.md', 436, 438 ]
201 silly gunzTarPerm extractEntry Readme.md
202 silly gunzTarPerm modified mode [ 'Readme.md', 420, 438 ]
203 silly gunzTarPerm extractEntry doc/asyncworker.md
204 silly gunzTarPerm modified mode [ 'doc/asyncworker.md', 436, 438 ]
205 silly gunzTarPerm extractEntry doc/callback.md
206 silly gunzTarPerm modified mode [ 'doc/callback.md', 436, 438 ]
207 silly gunzTarPerm extractEntry binding.gyp
208 silly gunzTarPerm modified mode [ 'binding.gyp', 493, 511 ]
209 silly gunzTarPerm extractEntry .github/ISSUE_TEMPLATE.md
210 silly gunzTarPerm modified mode [ '.github/ISSUE_TEMPLATE.md', 420, 438 ]
211 silly gunzTarPerm extractEntry doc/converters.md
212 silly gunzTarPerm modified mode [ 'doc/converters.md', 436, 438 ]
213 silly gunzTarPerm extractEntry doc/errors.md
214 silly gunzTarPerm modified mode [ 'doc/errors.md', 436, 438 ]
215 silly gunzTarPerm extractEntry lib/bindings.js
216 silly gunzTarPerm modified mode [ 'lib/bindings.js', 420, 438 ]
217 silly gunzTarPerm extractEntry lib/canvas.js
218 silly gunzTarPerm modified mode [ 'lib/canvas.js', 420, 438 ]
219 silly gunzTarPerm extractEntry lib/context2d.js
220 silly gunzTarPerm modified mode [ 'lib/context2d.js', 420, 438 ]
221 silly gunzTarPerm extractEntry lib/image.js
222 silly gunzTarPerm modified mode [ 'lib/image.js', 420, 438 ]
223 silly gunzTarPerm extractEntry lib/jpegstream.js
224 silly gunzTarPerm modified mode [ 'lib/jpegstream.js', 420, 438 ]
225 silly gunzTarPerm extractEntry lib/pdfstream.js
226 silly gunzTarPerm modified mode [ 'lib/pdfstream.js', 420, 438 ]
227 silly gunzTarPerm extractEntry lib/pngstream.js
228 silly gunzTarPerm modified mode [ 'lib/pngstream.js', 420, 438 ]
229 silly gunzTarPerm extractEntry src/Image.cc
230 silly gunzTarPerm modified mode [ 'src/Image.cc', 420, 438 ]
231 silly gunzTarPerm extractEntry src/Canvas.cc
232 silly gunzTarPerm modified mode [ 'src/Canvas.cc', 420, 438 ]
233 silly gunzTarPerm extractEntry src/CanvasGradient.cc
234 silly gunzTarPerm modified mode [ 'src/CanvasGradient.cc', 420, 438 ]
235 silly gunzTarPerm extractEntry doc/maybe_types.md
236 silly gunzTarPerm modified mode [ 'doc/maybe_types.md', 436, 438 ]
237 silly gunzTarPerm extractEntry doc/methods.md
238 silly gunzTarPerm modified mode [ 'doc/methods.md', 436, 438 ]
239 silly gunzTarPerm extractEntry doc/new.md
240 silly gunzTarPerm modified mode [ 'doc/new.md', 436, 438 ]
241 silly gunzTarPerm extractEntry doc/buffers.md
242 silly gunzTarPerm modified mode [ 'doc/buffers.md', 436, 438 ]
243 silly gunzTarPerm extractEntry doc/object_wrappers.md
244 silly gunzTarPerm modified mode [ 'doc/object_wrappers.md', 436, 438 ]
245 silly gunzTarPerm extractEntry doc/persistent.md
246 silly gunzTarPerm modified mode [ 'doc/persistent.md', 436, 438 ]
247 silly gunzTarPerm extractEntry doc/scopes.md
248 silly gunzTarPerm modified mode [ 'doc/scopes.md', 436, 438 ]
249 silly gunzTarPerm extractEntry src/CanvasGradient.h
250 silly gunzTarPerm modified mode [ 'src/CanvasGradient.h', 420, 438 ]
251 silly gunzTarPerm extractEntry src/CanvasPattern.cc
252 silly gunzTarPerm modified mode [ 'src/CanvasPattern.cc', 420, 438 ]
253 silly gunzTarPerm extractEntry src/CanvasPattern.h
254 silly gunzTarPerm modified mode [ 'src/CanvasPattern.h', 420, 438 ]
255 silly gunzTarPerm extractEntry src/CanvasRenderingContext2d.cc
256 silly gunzTarPerm modified mode [ 'src/CanvasRenderingContext2d.cc', 493, 511 ]
257 silly gunzTarPerm extractEntry doc/script.md
258 silly gunzTarPerm modified mode [ 'doc/script.md', 436, 438 ]
259 silly gunzTarPerm extractEntry doc/string_bytes.md
260 silly gunzTarPerm modified mode [ 'doc/string_bytes.md', 436, 438 ]
261 silly gunzTarPerm extractEntry doc/v8_internals.md
262 silly gunzTarPerm modified mode [ 'doc/v8_internals.md', 436, 438 ]
263 silly gunzTarPerm extractEntry doc/v8_misc.md
264 silly gunzTarPerm modified mode [ 'doc/v8_misc.md', 436, 438 ]
265 silly gunzTarPerm extractEntry nan.h
266 silly gunzTarPerm modified mode [ 'nan.h', 436, 438 ]
267 silly gunzTarPerm extractEntry nan_callbacks.h
268 silly gunzTarPerm modified mode [ 'nan_callbacks.h', 436, 438 ]
269 silly gunzTarPerm extractEntry src/CanvasRenderingContext2d.h
270 silly gunzTarPerm modified mode [ 'src/CanvasRenderingContext2d.h', 420, 438 ]
271 silly gunzTarPerm extractEntry src/FontFace.cc
272 silly gunzTarPerm modified mode [ 'src/FontFace.cc', 493, 511 ]
273 silly gunzTarPerm extractEntry nan_callbacks_12_inl.h
274 silly gunzTarPerm modified mode [ 'nan_callbacks_12_inl.h', 436, 438 ]
275 silly gunzTarPerm extractEntry nan_callbacks_pre_12_inl.h
276 silly gunzTarPerm modified mode [ 'nan_callbacks_pre_12_inl.h', 436, 438 ]
277 silly gunzTarPerm extractEntry nan_converters_43_inl.h
278 silly gunzTarPerm modified mode [ 'nan_converters_43_inl.h', 436, 438 ]
279 silly gunzTarPerm extractEntry nan_converters_pre_43_inl.h
280 silly gunzTarPerm modified mode [ 'nan_converters_pre_43_inl.h', 436, 438 ]
281 silly gunzTarPerm extractEntry nan_implementation_12_inl.h
282 silly gunzTarPerm modified mode [ 'nan_implementation_12_inl.h', 436, 438 ]
283 silly gunzTarPerm extractEntry src/FontFace.h
284 silly gunzTarPerm modified mode [ 'src/FontFace.h', 420, 438 ]
285 silly gunzTarPerm extractEntry src/Canvas.h
286 silly gunzTarPerm modified mode [ 'src/Canvas.h', 420, 438 ]
287 silly gunzTarPerm extractEntry nan_implementation_pre_12_inl.h
288 silly gunzTarPerm modified mode [ 'nan_implementation_pre_12_inl.h', 436, 438 ]
289 silly gunzTarPerm extractEntry src/Image.h
290 silly gunzTarPerm modified mode [ 'src/Image.h', 420, 438 ]
291 silly gunzTarPerm extractEntry src/ImageData.cc
292 silly gunzTarPerm modified mode [ 'src/ImageData.cc', 420, 438 ]
293 silly gunzTarPerm extractEntry nan_maybe_43_inl.h
294 silly gunzTarPerm modified mode [ 'nan_maybe_43_inl.h', 436, 438 ]
295 silly gunzTarPerm extractEntry nan_maybe_pre_43_inl.h
296 silly gunzTarPerm modified mode [ 'nan_maybe_pre_43_inl.h', 436, 438 ]
297 silly gunzTarPerm extractEntry nan_new.h
298 silly gunzTarPerm modified mode [ 'nan_new.h', 436, 438 ]
299 silly gunzTarPerm extractEntry nan_object_wrap.h
300 silly gunzTarPerm modified mode [ 'nan_object_wrap.h', 436, 438 ]
301 silly gunzTarPerm extractEntry src/ImageData.h
302 silly gunzTarPerm modified mode [ 'src/ImageData.h', 420, 438 ]
303 silly gunzTarPerm extractEntry src/JPEGStream.h
304 silly gunzTarPerm modified mode [ 'src/JPEGStream.h', 420, 438 ]
305 silly gunzTarPerm extractEntry nan_persistent_12_inl.h
306 silly gunzTarPerm modified mode [ 'nan_persistent_12_inl.h', 436, 438 ]
307 silly gunzTarPerm extractEntry nan_persistent_pre_12_inl.h
308 silly gunzTarPerm modified mode [ 'nan_persistent_pre_12_inl.h', 436, 438 ]
309 silly gunzTarPerm extractEntry nan_private.h
310 silly gunzTarPerm modified mode [ 'nan_private.h', 436, 438 ]
311 silly gunzTarPerm extractEntry nan_string_bytes.h
312 silly gunzTarPerm modified mode [ 'nan_string_bytes.h', 436, 438 ]
313 silly gunzTarPerm extractEntry src/PNG.h
314 silly gunzTarPerm modified mode [ 'src/PNG.h', 420, 438 ]
315 silly gunzTarPerm extractEntry src/Point.h
316 silly gunzTarPerm modified mode [ 'src/Point.h', 420, 438 ]
317 silly gunzTarPerm extractEntry nan_typedarray_contents.h
318 silly gunzTarPerm modified mode [ 'nan_typedarray_contents.h', 436, 438 ]
319 silly gunzTarPerm extractEntry nan_weak.h
320 silly gunzTarPerm modified mode [ 'nan_weak.h', 436, 438 ]
321 silly gunzTarPerm extractEntry tools/package.json
322 silly gunzTarPerm modified mode [ 'tools/package.json', 436, 438 ]
323 silly gunzTarPerm extractEntry tools/README.md
324 silly gunzTarPerm modified mode [ 'tools/README.md', 436, 438 ]
325 silly gunzTarPerm extractEntry tools/1to2.js
326 silly gunzTarPerm modified mode [ 'tools/1to2.js', 509, 511 ]
327 silly gunzTarPerm extractEntry src/closure.h
328 silly gunzTarPerm modified mode [ 'src/closure.h', 420, 438 ]
329 silly gunzTarPerm extractEntry src/color.cc
330 silly gunzTarPerm modified mode [ 'src/color.cc', 420, 438 ]
331 silly gunzTarPerm extractEntry src/color.h
332 silly gunzTarPerm modified mode [ 'src/color.h', 420, 438 ]
333 silly gunzTarPerm extractEntry src/init.cc
334 silly gunzTarPerm modified mode [ 'src/init.cc', 493, 511 ]
335 silly gunzTarPerm extractEntry util/has_lib.sh
336 silly gunzTarPerm modified mode [ 'util/has_lib.sh', 493, 511 ]
337 silly gentlyRm C:\Users\weeksseth\Sites\ivy\node_modules\.staging\canvas-e4195fdf\node_modules is being purged
338 verbose gentlyRm don't care about contents; nuking C:\Users\weeksseth\Sites\ivy\node_modules\.staging\canvas-e4195fdf\node_modules
339 silly gentlyRm C:\Users\weeksseth\Sites\ivy\node_modules\.staging\nan-611ddc23\node_modules is being purged
340 verbose gentlyRm don't care about contents; nuking C:\Users\weeksseth\Sites\ivy\node_modules\.staging\nan-611ddc23\node_modules
341 silly doParallel preinstall 2
342 silly preinstall nan@2.5.0 C:\Users\weeksseth\Sites\ivy\node_modules\.staging\nan-611ddc23
343 info lifecycle nan@2.5.0~preinstall: nan@2.5.0
344 silly preinstall canvas@1.6.2 C:\Users\weeksseth\Sites\ivy\node_modules\.staging\canvas-e4195fdf
345 info lifecycle canvas@1.6.2~preinstall: canvas@1.6.2
346 silly lifecycle nan@2.5.0~preinstall: no script for preinstall, continuing
347 silly lifecycle canvas@1.6.2~preinstall: no script for preinstall, continuing
348 silly doReverseSerial remove 0
349 silly doSerial move 0
350 silly doSerial finalize 2
351 silly finalize C:\Users\weeksseth\Sites\ivy\node_modules\canvas\node_modules\nan
352 silly finalize C:\Users\weeksseth\Sites\ivy\node_modules\canvas
353 silly doSerial build 2
354 silly build nan@2.5.0
355 info linkStuff nan@2.5.0
356 silly linkStuff nan@2.5.0 has C:\Users\weeksseth\Sites\ivy\node_modules\canvas\node_modules as its parent node_modules
357 verbose linkBins nan@2.5.0
358 verbose linkMans nan@2.5.0
359 silly build canvas@1.6.2
360 info linkStuff canvas@1.6.2
361 silly linkStuff canvas@1.6.2 has C:\Users\weeksseth\Sites\ivy\node_modules as its parent node_modules
362 verbose linkBins canvas@1.6.2
363 verbose linkMans canvas@1.6.2
364 silly doSerial global-link 0
365 silly doParallel update-linked 0
366 silly doSerial install 2
367 silly install nan@2.5.0 C:\Users\weeksseth\Sites\ivy\node_modules\.staging\nan-611ddc23
368 info lifecycle nan@2.5.0~install: nan@2.5.0
369 silly lifecycle nan@2.5.0~install: no script for install, continuing
370 silly install canvas@1.6.2 C:\Users\weeksseth\Sites\ivy\node_modules\.staging\canvas-e4195fdf
371 info lifecycle canvas@1.6.2~install: canvas@1.6.2
372 verbose lifecycle canvas@1.6.2~install: unsafe-perm in lifecycle true
373 verbose lifecycle canvas@1.6.2~install: PATH: C:\Users\weeksseth\AppData\Local\.meteor\packages\meteor-tool\1.4.2_3\mt-os.windows.x86_32\dev_bundle\lib\node_modules\npm\bin\node-gyp-bin;C:\Users\weeksseth\Sites\ivy\node_modules\canvas\node_modules\.bin;C:\Users\weeksseth\Sites\ivy\node_modules\.bin;C:\Users\weeksseth\AppData\Local\.meteor\packages\meteor-tool\1.4.2_3\mt-os.windows.x86_32\dev_bundle\bin;C:\Users\weeksseth\AppData\Local\.meteor\packages\meteor-tool\1.4.2_3\mt-os.windows.x86_32\dev_bundle\lib\node_modules\.bin;C:\Program Files (x86)\NVIDIA Corporation\PhysX\Common;C:\Program Files (x86)\Intel\iCLS Client\;C:\Program Files\Intel\iCLS Client\;C:\WINDOWS\system32;C:\WINDOWS;C:\WINDOWS\System32\Wbem;C:\WINDOWS\System32\WindowsPowerShell\v1.0\;C:\Program Files (x86)\Intel\Intel(R) Management Engine Components\DAL;C:\Program Files\Intel\Intel(R) Management Engine Components\DAL;C:\Program Files (x86)\Intel\Intel(R) Management Engine Components\IPT;C:\Program Files\Intel\Intel(R) Management Engine Components\IPT;C:\Program Files\Intel\WiFi\bin\;C:\Program Files\Common Files\Intel\WirelessCommon\;C:\Program Files\Git\cmd;C:\Program Files\MATLAB\R2016a\runtime\win64;C:\Program Files\MATLAB\R2016a\bin;C:\Program Files\TortoiseSVN\bin;C:\Program Files (x86)\Skype\Phone\;C:\Program Files (x86)\nodejs\;C:\Program Files (x86)\Windows Kits\8.1\Windows Performance Toolkit\;C:\RailsInstaller\Git\cmd;C:\RailsInstaller\Ruby2.2.0\bin;C:\Users\weeksseth\AppData\Local\.meteor\;C:\Users\weeksseth\AppData\Local\atom\bin;C:\Users\weeksseth\AppData\Local\Programs\MiKTeX 2.9\miktex\bin\;C:\Users\weeksseth\AppData\Roaming\npm;C:\Users\weeksseth\AppData\Local\Microsoft\WindowsApps
374 verbose lifecycle canvas@1.6.2~install: CWD: C:\Users\weeksseth\Sites\ivy\node_modules\canvas
375 silly lifecycle canvas@1.6.2~install: Args: [ '/d /s /c', 'node-gyp rebuild' ]
376 silly lifecycle canvas@1.6.2~install: Returned: code: 1  signal: null
377 info lifecycle canvas@1.6.2~install: Failed to exec install script
378 verbose unlock done using C:\Users\weeksseth\AppData\Local\.meteor\packages\meteor-tool\1.4.2_3\mt-os.windows.x86_32\dev_bundle\.npm\_locks\staging-d6edfdc18b8fce1f.lock for C:\Users\weeksseth\Sites\ivy\node_modules\.staging
379 silly rollbackFailedOptional Starting
380 silly rollbackFailedOptional Finishing
381 silly runTopLevelLifecycles Finishing
382 silly install printInstalled
383 verbose stack Error: canvas@1.6.2 install: `node-gyp rebuild`
383 verbose stack Exit status 1
383 verbose stack     at EventEmitter.<anonymous> (C:\Users\weeksseth\AppData\Local\.meteor\packages\meteor-tool\1.4.2_3\mt-os.windows.x86_32\dev_bundle\lib\node_modules\npm\lib\utils\lifecycle.js:255:16)
383 verbose stack     at emitTwo (events.js:87:13)
383 verbose stack     at EventEmitter.emit (events.js:172:7)
383 verbose stack     at ChildProcess.<anonymous> (C:\Users\weeksseth\AppData\Local\.meteor\packages\meteor-tool\1.4.2_3\mt-os.windows.x86_32\dev_bundle\lib\node_modules\npm\lib\utils\spawn.js:40:14)
383 verbose stack     at emitTwo (events.js:87:13)
383 verbose stack     at ChildProcess.emit (events.js:172:7)
383 verbose stack     at maybeClose (internal/child_process.js:854:16)
383 verbose stack     at Process.ChildProcess._handle.onexit (internal/child_process.js:222:5)
384 verbose pkgid canvas@1.6.2
385 verbose cwd C:\Users\weeksseth\Sites\ivy
386 error Windows_NT 10.0.14393
387 error argv "C:\\Users\\weeksseth\\AppData\\Local\\.meteor\\packages\\meteor-tool\\1.4.2_3\\mt-os.windows.x86_32\\dev_bundle\\bin\\node.exe" "C:\\Users\\weeksseth\\AppData\\Local\\.meteor\\packages\\meteor-tool\\1.4.2_3\\mt-os.windows.x86_32\\dev_bundle\\lib\\node_modules\\npm\\bin\\npm-cli.js" "install" "--save" "canvas"
388 error node v4.6.2
389 error npm  v3.10.9
390 error code ELIFECYCLE
391 error canvas@1.6.2 install: `node-gyp rebuild`
391 error Exit status 1
392 error Failed at the canvas@1.6.2 install script 'node-gyp rebuild'.
392 error Make sure you have the latest version of node.js and npm installed.
392 error If you do, this is most likely a problem with the canvas package,
392 error not with npm itself.
392 error Tell the author that this fails on your system:
392 error     node-gyp rebuild
392 error You can get information on how to open an issue for this project with:
392 error     npm bugs canvas
392 error Or if that isn't available, you can get their info via:
392 error     npm owner ls canvas
392 error There is likely additional logging output above.
393 verbose exit [ 1, true ]
